Arguments: 
  /home/koji/.anyenv/envs/ndenv/versions/v8.12.0/bin/node /home/koji/.anyenv/envs/ndenv/versions/v8.12.0/bin/yarn add redux webpack webpack-cli —-dev

PATH: 
  /home/koji/.anyenv/envs/ndenv/versions/v8.12.0/bin:/home/koji/.anyenv/envs/ndenv/libexec:/home/koji/.anyenv/envs/ndenv/plugins/node-build/bin:/home/koji/bin:/home/koji/.local/bin:/usr/lib/jvm/java-8-openjdk-amd64/bin:/home/koji/.anyenv/envs/rbenv/shims:/home/koji/.anyenv/envs/rbenv/bin:/home/koji/.anyenv/envs/pyenv/shims:/home/koji/.anyenv/envs/pyenv/bin:/home/koji/.anyenv/envs/ndenv/bin:/home/koji/.anyenv/bin:/home/koji/bin:/home/koji/.local/bin:/usr/lib/jvm/java-8-openjdk-amd64/bin:/home/koji/.anyenv/envs/rbenv/shims:/home/koji/.anyenv/envs/rbenv/bin:/home/koji/.anyenv/envs/pyenv/shims:/home/koji/.anyenv/envs/pyenv/bin:/home/koji/.anyenv/envs/ndenv/shims:/home/koji/.anyenv/envs/ndenv/bin:/home/koji/.anyenv/bin:/usr/local/sbin:/usr/local/bin:/usr/sbin:/usr/bin:/sbin:/bin:/usr/games:/usr/local/games:/mnt/c/ProgramData/Oracle/Java/javapath_target_964723359:/mnt/c/Program Files (x86)/Intel/iCLS Client:/mnt/c/Program Files/Intel/iCLS Client:/mnt/c/Windows/System32:/mnt/c/Windows:/mnt/c/Windows/System32/wbem:/mnt/c/Windows/System32/WindowsPowerShell/v1.0:/mnt/c/Program Files (x86)/Intel/Intel(R) Management Engine Components/DAL:/mnt/c/Program Files/Intel/Intel(R) Management Engine Components/DAL:/mnt/c/Program Files (x86)/Intel/Intel(R) Management Engine Components/IPT:/mnt/c/Program Files/Intel/Intel(R) Management Engine Components/IPT:/mnt/c/Program Files/Microsoft SQL Server/130/Tools/Binn:/mnt/c/Program Files/TortoiseGit/bin:/mnt/c/Python27:/mnt/c/Python27/Scripts:/mnt/c/Program Files/TortoiseSVN/bin:/mnt/c/Ruby22/bin:/mnt/c/Program Files/Amazon/AWSCLI:/mnt/c/Program Files/Git/bin:/mnt/c/Java/jdk1.8.0_91/bin:/mnt/c/Program Files/Intel/WiFi/bin:/mnt/c/Program Files/Common Files/Intel/WirelessCommon:/mnt/c/Program Files (x86)/Nodist/bin:/mnt/c/Program Files/dotnet:/mnt/c/Users/koji/AppData/Local/Android/sdk/ndk-bundle:/mnt/c/Windows/System32/OpenSSH:/mnt/c/Program Files/Microsoft VS Code/bin:/mnt/c/Users/koji/AppData/Local/Microsoft/WindowsApps:/mnt/c/Users/koji/AppData/Local/Programs/Microsoft VS Code/bin:/snap/bin

Yarn version: 
  1.10.1

Node version: 
  8.12.0

Platform: 
  linux x64

Trace: 
  Error: https://registry.yarnpkg.com/—-dev: Not found
      at Request.params.callback [as _callback] (/home/koji/.anyenv/envs/ndenv/versions/v8.12.0/lib/node_modules/yarn/lib/cli.js:61073:18)
      at Request.self.callback (/home/koji/.anyenv/envs/ndenv/versions/v8.12.0/lib/node_modules/yarn/lib/cli.js:120166:22)
      at emitTwo (events.js:126:13)
      at Request.emit (events.js:214:7)
      at Request.<anonymous> (/home/koji/.anyenv/envs/ndenv/versions/v8.12.0/lib/node_modules/yarn/lib/cli.js:121138:10)
      at emitOne (events.js:116:13)
      at Request.emit (events.js:211:7)
      at IncomingMessage.<anonymous> (/home/koji/.anyenv/envs/ndenv/versions/v8.12.0/lib/node_modules/yarn/lib/cli.js:121060:12)
      at Object.onceWrapper (events.js:313:30)
      at emitNone (events.js:111:20)

npm manifest: 
  {
    "name": "rails-redux-ex",
    "version": "0.0.1",
    "description": "This README would normally document whatever steps are necessary to get the application up and running.",
    "main": "index.js",
    "directories": {
      "lib": "lib"
    },
    "scripts": {
      "test": "echo \"Error: no test specified\" && exit 1"
    },
    "author": "kokozi",
    "license": "ISC"
  }

yarn manifest: 
  No manifest

Lockfile: 
  No lockfile
